<?xml version="1.0" encoding="utf-8" standalone="no"?>
<test-results xmlns:xsi="http://www.w3.org/2001/XMLSchema-instance" xsi:noNamespaceSchemaLocation="nunit_schema_2.5.xsd" name="Pester" total="172" errors="0" failures="0" not-run="0" inconclusive="0" ignored="0" skipped="0" invalid="0" date="2021-02-09" time="14:51:09">
  <environment clr-version="4.0.30319.42000" user-domain="APPVYR-WIN" cwd="C:\projects\cchoco" platform="Microsoft Windows Server 2012 R2 Datacenter|C:\windows|\Device\Harddisk0\Partition5" machine-name="APPVYR-WIN" nunit-version="2.5.8.0" os-version="6.3.9600" user="appveyor" />
  <culture-info current-culture="en-US" current-uiculture="en-US" />
  <test-suite type="TestFixture" name="Pester" executed="True" result="Success" success="True" time="43.6443" asserts="0" description="Pester">
    <results>
      <test-suite type="TestFixture" name="C:\projects\cchoco\tests\cChocoConfig_Tests.ps1" executed="True" result="Success" success="True" time="5.3013" asserts="0" description="C:\projects\cchoco\tests\cChocoConfig_Tests.ps1">
        <results>
          <test-suite type="TestFixture" name="Testing cChocoConfig" executed="True" result="Success" success="True" time="2.7657" asserts="0" description="Testing cChocoConfig">
            <results>
              <test-suite type="TestFixture" name="Test-TargetResource" executed="True" result="Success" success="True" time="2.2105" asserts="0" description="Test-TargetResource">
                <results>
                  <test-case description="Test-TargetResource returns true when Present and Configured." name="Testing cChocoConfig.Test-TargetResource.Test-TargetResource returns true when Present and Configured." time="0.7493" asserts="0" success="True" result="Success" executed="True" />
                  <test-case description="Test-TargetResource returns false when Present and Not configured" name="Testing cChocoConfig.Test-TargetResource.Test-TargetResource returns false when Present and Not configured" time="0.0117" asserts="0" success="True" result="Success" executed="True" />
                  <test-case description="Test-TargetResource returns false when Present and Unknown" name="Testing cChocoConfig.Test-TargetResource.Test-TargetResource returns false when Present and Unknown" time="0.012" asserts="0" success="True" result="Success" executed="True" />
                  <test-case description="Test-TargetResource throws when Present and no value" name="Testing cChocoConfig.Test-TargetResource.Test-TargetResource throws when Present and no value" time="0.1154" asserts="0" success="True" result="Success" executed="True" />
                  <test-case description="Test-TargetResource throws when Present and no value" name="Testing cChocoConfig.Test-TargetResource.Test-TargetResource throws when Present and no value" time="0.005" asserts="0" success="True" result="Success" executed="True" />
                  <test-case description="Test-TargetResource throws when Present and no value" name="Testing cChocoConfig.Test-TargetResource.Test-TargetResource throws when Present and no value" time="0.0085" asserts="0" success="True" result="Success" executed="True" />
                  <test-case description="Test-TargetResource returns false when Absent and Configured" name="Testing cChocoConfig.Test-TargetResource.Test-TargetResource returns false when Absent and Configured" time="0.0133" asserts="0" success="True" result="Success" executed="True" />
                  <test-case description="Test-TargetResource returns true when Absent and Not configured" name="Testing cChocoConfig.Test-TargetResource.Test-TargetResource returns true when Absent and Not configured" time="0.0122" asserts="0" success="True" result="Success" executed="True" />
                  <test-case description="Test-TargetResource returns true when Absent and Unknown" name="Testing cChocoConfig.Test-TargetResource.Test-TargetResource returns true when Absent and Unknown" time="0.0117" asserts="0" success="True" result="Success" executed="True" />
                </results>
              </test-suite>
              <test-suite type="TestFixture" name="Set-TargetResource" executed="True" result="Success" success="True" time="0.3048" asserts="0" description="Set-TargetResource">
                <results>
                  <test-case description="Present - Should have called choco, with set" name="Testing cChocoConfig.Set-TargetResource.Present - Should have called choco, with set" time="0.1563" asserts="0" success="True" result="Success" executed="True" />
                  <test-case description="Absent - Should have called choco, with unset" name="Testing cChocoConfig.Set-TargetResource.Absent - Should have called choco, with unset" time="0.0175" asserts="0" success="True" result="Success" executed="True" />
                </results>
              </test-suite>
            </results>
          </test-suite>
        </results>
      </test-suite>
      <test-suite type="TestFixture" name="C:\projects\cchoco\tests\cChocoFeature_Tests.ps1" executed="True" result="Success" success="True" time="1.1879" asserts="0" description="C:\projects\cchoco\tests\cChocoFeature_Tests.ps1">
        <results>
          <test-suite type="TestFixture" name="Testing cChocoFeature" executed="True" result="Success" success="True" time="0.4099" asserts="0" description="Testing cChocoFeature">
            <results>
              <test-suite type="TestFixture" name="Test-TargetResource" executed="True" result="Success" success="True" time="0.2154" asserts="0" description="Test-TargetResource">
                <results>
                  <test-case description="Test-TargetResource returns true when Present and Enabled." name="Testing cChocoFeature.Test-TargetResource.Test-TargetResource returns true when Present and Enabled." time="0.0287" asserts="0" success="True" result="Success" executed="True" />
                  <test-case description="Test-TargetResource returns false when Present and Disabled" name="Testing cChocoFeature.Test-TargetResource.Test-TargetResource returns false when Present and Disabled" time="0.0111" asserts="0" success="True" result="Success" executed="True" />
                  <test-case description="Test-TargetResource returns false when Absent and Enabled" name="Testing cChocoFeature.Test-TargetResource.Test-TargetResource returns false when Absent and Enabled" time="0.01" asserts="0" success="True" result="Success" executed="True" />
                  <test-case description="Test-TargetResource returns true when Absent and Disabled" name="Testing cChocoFeature.Test-TargetResource.Test-TargetResource returns true when Absent and Disabled" time="0.107" asserts="0" success="True" result="Success" executed="True" />
                </results>
              </test-suite>
              <test-suite type="TestFixture" name="Set-TargetResource" executed="True" result="Success" success="True" time="0.1472" asserts="0" description="Set-TargetResource">
                <results>
                  <test-case description="Present - Should have called choco, with enable" name="Testing cChocoFeature.Set-TargetResource.Present - Should have called choco, with enable" time="0.0097" asserts="0" success="True" result="Success" executed="True" />
                  <test-case description="Absent - Should have called choco, with disable" name="Testing cChocoFeature.Set-TargetResource.Absent - Should have called choco, with disable" time="0.0584" asserts="0" success="True" result="Success" executed="True" />
                </results>
              </test-suite>
            </results>
          </test-suite>
        </results>
      </test-suite>
      <test-suite type="TestFixture" name="C:\projects\cchoco\tests\cChocoInstaller_Tests.ps1" executed="True" result="Success" success="True" time="0.9738" asserts="0" description="C:\projects\cchoco\tests\cChocoInstaller_Tests.ps1">
        <results>
          <test-suite type="TestFixture" name="Testing cChocoInstaller loaded from C:\projects\cchoco\DSCResources\cChocoInstaller\cChocoInstaller.psm1" executed="True" result="Success" success="True" time="0.0409" asserts="0" description="Testing cChocoInstaller loaded from C:\projects\cchoco\DSCResources\cChocoInstaller\cChocoInstaller.psm1">
            <results>
              <test-suite type="TestFixture" name="Testing 'Get-TargetResource'" executed="True" result="Success" success="True" time="0.0237" asserts="0" description="Testing 'Get-TargetResource'">
                <results>
                  <test-case description="DummyTest $true should be $true" name="Testing cChocoInstaller loaded from C:\projects\cchoco\DSCResources\cChocoInstaller\cChocoInstaller.psm1.Testing 'Get-TargetResource'.DummyTest $true should be $true" time="0.0031" asserts="0" success="True" result="Success" executed="True" />
                </results>
              </test-suite>
            </results>
          </test-suite>
        </results>
      </test-suite>
      <test-suite type="TestFixture" name="C:\projects\cchoco\tests\cChocoPackageInstall_Tests.ps1" executed="True" result="Success" success="True" time="1.5671" asserts="0" description="C:\projects\cchoco\tests\cChocoPackageInstall_Tests.ps1">
        <results>
          <test-suite type="TestFixture" name="Testing cChocoPackageInstall loaded from cChocoPackageInstall.psm1" executed="True" result="Success" success="True" time="0.8224" asserts="0" description="Testing cChocoPackageInstall loaded from cChocoPackageInstall.psm1">
            <results>
              <test-suite type="TestFixture" name="Package is not installed" executed="True" result="Success" success="True" time="0.3455" asserts="0" description="Package is not installed">
                <results>
                  <test-case description="Test-TargetResource -ensure 'Present' should return False" name="Testing cChocoPackageInstall loaded from cChocoPackageInstall.psm1.Package is not installed.Test-TargetResource -ensure 'Present' should return False" time="0.0937" asserts="0" success="True" result="Success" executed="True" />
                  <test-case description="Test-TargetResource -ensure 'Absent' should return True" name="Testing cChocoPackageInstall loaded from cChocoPackageInstall.psm1.Package is not installed.Test-TargetResource -ensure 'Absent' should return True" time="0.0156" asserts="0" success="True" result="Success" executed="True" />
                  <test-case description="Test-TargetResource -ensure 'Absent' -version '1.0.0' should return True" name="Testing cChocoPackageInstall loaded from cChocoPackageInstall.psm1.Package is not installed.Test-TargetResource -ensure 'Absent' -version '1.0.0' should return True" time="0.0202" asserts="0" success="True" result="Success" executed="True" />
                  <test-case description="Test-TargetResource -ensure 'Absent' -AutoUpgrade should return True" name="Testing cChocoPackageInstall loaded from cChocoPackageInstall.psm1.Package is not installed.Test-TargetResource -ensure 'Absent' -AutoUpgrade should return True" time="0.0165" asserts="0" success="True" result="Success" executed="True" />
                  <test-case description="Test-TargetResource -ensure 'Absent' -version '1.0.0' -AutoUpgrade should return True" name="Testing cChocoPackageInstall loaded from cChocoPackageInstall.psm1.Package is not installed.Test-TargetResource -ensure 'Absent' -version '1.0.0' -AutoUpgrade should return True" time="0.0143" asserts="0" success="True" result="Success" executed="True" />
                  <test-case description="Test-TargetResource -ensure 'Absent' -MinimumVersion '1.0' should return True" name="Testing cChocoPackageInstall loaded from cChocoPackageInstall.psm1.Package is not installed.Test-TargetResource -ensure 'Absent' -MinimumVersion '1.0' should return True" time="0.0182" asserts="0" success="True" result="Success" executed="True" />
                  <test-case description="Test-TargetResource -ensure 'Present' -MinimumVersion '1.0' should return False" name="Testing cChocoPackageInstall loaded from cChocoPackageInstall.psm1.Package is not installed.Test-TargetResource -ensure 'Present' -MinimumVersion '1.0' should return False" time="0.0841" asserts="0" success="True" result="Success" executed="True" />
                </results>
              </test-suite>
              <test-suite type="TestFixture" name="Package is installed with version 1.0.0" executed="True" result="Success" success="True" time="0.1934" asserts="0" description="Package is installed with version 1.0.0">
                <results>
                  <test-case description="Test-TargetResource -ensure 'Present' should return True" name="Testing cChocoPackageInstall loaded from cChocoPackageInstall.psm1.Package is installed with version 1.0.0.Test-TargetResource -ensure 'Present' should return True" time="0.0169" asserts="0" success="True" result="Success" executed="True" />
                  <test-case description="Test-TargetResource -ensure 'Absent' should return False" name="Testing cChocoPackageInstall loaded from cChocoPackageInstall.psm1.Package is installed with version 1.0.0.Test-TargetResource -ensure 'Absent' should return False" time="0.0161" asserts="0" success="True" result="Success" executed="True" />
                  <test-case description="Test-TargetResource -ensure 'Present' -version '1.0.0' should return True" name="Testing cChocoPackageInstall loaded from cChocoPackageInstall.psm1.Package is installed with version 1.0.0.Test-TargetResource -ensure 'Present' -version '1.0.0' should return True" time="0.0215" asserts="0" success="True" result="Success" executed="True" />
                  <test-case description="Test-TargetResource -ensure 'Present' -version '1.0.1' should return False" name="Testing cChocoPackageInstall loaded from cChocoPackageInstall.psm1.Package is installed with version 1.0.0.Test-TargetResource -ensure 'Present' -version '1.0.1' should return False" time="0.0232" asserts="0" success="True" result="Success" executed="True" />
                  <test-case description="Test-TargetResource -ensure 'Present' -MinimumVersion '0.9.0' should return True" name="Testing cChocoPackageInstall loaded from cChocoPackageInstall.psm1.Package is installed with version 1.0.0.Test-TargetResource -ensure 'Present' -MinimumVersion '0.9.0' should return True" time="0.0306" asserts="0" success="True" result="Success" executed="True" />
                  <test-case description="Test-TargetResource -ensure 'Present' -MinimumVersion '1.0.1' should return False" name="Testing cChocoPackageInstall loaded from cChocoPackageInstall.psm1.Package is installed with version 1.0.0.Test-TargetResource -ensure 'Present' -MinimumVersion '1.0.1' should return False" time="0.026" asserts="0" success="True" result="Success" executed="True" />
                </results>
              </test-suite>
              <test-suite type="TestFixture" name="Package is installed with prerelease version 1.0.0-1" executed="True" result="Success" success="True" time="0.2461" asserts="0" description="Package is installed with prerelease version 1.0.0-1">
                <results>
                  <test-case description="Test-TargetResource -ensure 'Present' -MinimumVersion '0.9.0' should return True" name="Testing cChocoPackageInstall loaded from cChocoPackageInstall.psm1.Package is installed with prerelease version 1.0.0-1.Test-TargetResource -ensure 'Present' -MinimumVersion '0.9.0' should return True" time="0.0209" asserts="0" success="True" result="Success" executed="True" />
                  <test-case description="Test-TargetResource -ensure 'Present' -MinimumVersion '1.0.1' should return False" name="Testing cChocoPackageInstall loaded from cChocoPackageInstall.psm1.Package is installed with prerelease version 1.0.0-1.Test-TargetResource -ensure 'Present' -MinimumVersion '1.0.1' should return False" time="0.0215" asserts="0" success="True" result="Success" executed="True" />
                </results>
              </test-suite>
            </results>
          </test-suite>
        </results>
      </test-suite>
      <test-suite type="TestFixture" name="C:\projects\cchoco\tests\cChoco_ScriptAnalyzerTests.ps1" executed="True" result="Success" success="True" time="25.4189" asserts="0" description="C:\projects\cchoco\tests\cChoco_ScriptAnalyzerTests.ps1">
        <results>
          <test-suite type="TestFixture" name="Testing all Modules against default PSScriptAnalyzer rule-set" executed="True" result="Success" success="True" time="24.7865" asserts="0" description="Testing all Modules against default PSScriptAnalyzer rule-set">
            <results>
              <test-suite type="TestFixture" name="Testing Module 'C:\projects\cchoco\DSCResources\cChocoFeature\cChocoFeature.psm1'" executed="True" result="Success" success="True" time="4.0562" asserts="0" description="Testing Module 'C:\projects\cchoco\DSCResources\cChocoFeature\cChocoFeature.psm1'">
                <results>
                  <test-case description="passes the PSScriptAnalyzer Rule PSAvoidUsingCmdletAliases" name="Testing all Modules against default PSScriptAnalyzer rule-set.Testing Module 'C:\projects\cchoco\DSCResources\cChocoFeature\cChocoFeature.psm1'.passes the PSScriptAnalyzer Rule PSAvoidUsingCmdletAliases" time="0.2417" asserts="0" success="True" result="Success" executed="True" />
                  <test-case description="passes the PSScriptAnalyzer Rule PSAvoidDefaultValueSwitchParameter" name="Testing all Modules against default PSScriptAnalyzer rule-set.Testing Module 'C:\projects\cchoco\DSCResources\cChocoFeature\cChocoFeature.psm1'.passes the PSScriptAnalyzer Rule PSAvoidDefaultValueSwitchParameter" time="0.0472" asserts="0" success="True" result="Success" executed="True" />
                  <test-case description="passes the PSScriptAnalyzer Rule PSAvoidDefaultValueForMandatoryParameter" name="Testing all Modules against default PSScriptAnalyzer rule-set.Testing Module 'C:\projects\cchoco\DSCResources\cChocoFeature\cChocoFeature.psm1'.passes the PSScriptAnalyzer Rule PSAvoidDefaultValueForMandatoryParameter" time="0.0442" asserts="0" success="True" result="Success" executed="True" />
                  <test-case description="passes the PSScriptAnalyzer Rule PSAvoidUsingEmptyCatchBlock" name="Testing all Modules against default PSScriptAnalyzer rule-set.Testing Module 'C:\projects\cchoco\DSCResources\cChocoFeature\cChocoFeature.psm1'.passes the PSScriptAnalyzer Rule PSAvoidUsingEmptyCatchBlock" time="0.0463" asserts="0" success="True" result="Success" executed="True" />
                  <test-case description="passes the PSScriptAnalyzer Rule PSAvoidGlobalVars" name="Testing all Modules against default PSScriptAnalyzer rule-set.Testing Module 'C:\projects\cchoco\DSCResources\cChocoFeature\cChocoFeature.psm1'.passes the PSScriptAnalyzer Rule PSAvoidGlobalVars" time="0.0436" asserts="0" success="True" result="Success" executed="True" />
                  <test-case description="passes the PSScriptAnalyzer Rule PSAvoidInvokingEmptyMembers" name="Testing all Modules against default PSScriptAnalyzer rule-set.Testing Module 'C:\projects\cchoco\DSCResources\cChocoFeature\cChocoFeature.psm1'.passes the PSScriptAnalyzer Rule PSAvoidInvokingEmptyMembers" time="0.0444" asserts="0" success="True" result="Success" executed="True" />
                  <test-case description="passes the PSScriptAnalyzer Rule PSAvoidNullOrEmptyHelpMessageAttribute" name="Testing all Modules against default PSScriptAnalyzer rule-set.Testing Module 'C:\projects\cchoco\DSCResources\cChocoFeature\cChocoFeature.psm1'.passes the PSScriptAnalyzer Rule PSAvoidNullOrEmptyHelpMessageAttribute" time="0.0491" asserts="0" success="True" result="Success" executed="True" />
                  <test-case description="passes the PSScriptAnalyzer Rule PSAvoidUsingPositionalParameters" name="Testing all Modules against default PSScriptAnalyzer rule-set.Testing Module 'C:\projects\cchoco\DSCResources\cChocoFeature\cChocoFeature.psm1'.passes the PSScriptAnalyzer Rule PSAvoidUsingPositionalParameters" time="0.3065" asserts="0" success="True" result="Success" executed="True" />
                  <test-case description="passes the PSScriptAnalyzer Rule PSReservedCmdletChar" name="Testing all Modules against default PSScriptAnalyzer rule-set.Testing Module 'C:\projects\cchoco\DSCResources\cChocoFeature\cChocoFeature.psm1'.passes the PSScriptAnalyzer Rule PSReservedCmdletChar" time="0.3055" asserts="0" success="True" result="Success" executed="True" />
                  <test-case description="passes the PSScriptAnalyzer Rule PSReservedParams" name="Testing all Modules against default PSScriptAnalyzer rule-set.Testing Module 'C:\projects\cchoco\DSCResources\cChocoFeature\cChocoFeature.psm1'.passes the PSScriptAnalyzer Rule PSReservedParams" time="0.0458" asserts="0" success="True" result="Success" executed="True" />
                  <test-case description="passes the PSScriptAnalyzer Rule PSAvoidShouldContinueWithoutForce" name="Testing all Modules against default PSScriptAnalyzer rule-set.Testing Module 'C:\projects\cchoco\DSCResources\cChocoFeature\cChocoFeature.psm1'.passes the PSScriptAnalyzer Rule PSAvoidShouldContinueWithoutForce" time="0.0449" asserts="0" success="True" result="Success" executed="True" />
                  <test-case description="passes the PSScriptAnalyzer Rule PSAvoidUsingUserNameAndPassWordParams" name="Testing all Modules against default PSScriptAnalyzer rule-set.Testing Module 'C:\projects\cchoco\DSCResources\cChocoFeature\cChocoFeature.psm1'.passes the PSScriptAnalyzer Rule PSAvoidUsingUserNameAndPassWordParams" time="0.0572" asserts="0" success="True" result="Success" executed="True" />
                  <test-case description="passes the PSScriptAnalyzer Rule PSAvoidUsingComputerNameHardcoded" name="Testing all Modules against default PSScriptAnalyzer rule-set.Testing Module 'C:\projects\cchoco\DSCResources\cChocoFeature\cChocoFeature.psm1'.passes the PSScriptAnalyzer Rule PSAvoidUsingComputerNameHardcoded" time="0.0544" asserts="0" success="True" result="Success" executed="True" />
                  <test-case description="passes the PSScriptAnalyzer Rule PSAvoidUsingConvertToSecureStringWithPlainText" name="Testing all Modules against default PSScriptAnalyzer rule-set.Testing Module 'C:\projects\cchoco\DSCResources\cChocoFeature\cChocoFeature.psm1'.passes the PSScriptAnalyzer Rule PSAvoidUsingConvertToSecureStringWithPlainText" time="0.0676" asserts="0" success="True" result="Success" executed="True" />
                  <test-case description="passes the PSScriptAnalyzer Rule PSAvoidUsingDeprecatedManifestFields" name="Testing all Modules against default PSScriptAnalyzer rule-set.Testing Module 'C:\projects\cchoco\DSCResources\cChocoFeature\cChocoFeature.psm1'.passes the PSScriptAnalyzer Rule PSAvoidUsingDeprecatedManifestFields" time="0.0757" asserts="0" success="True" result="Success" executed="True" />
                  <test-case description="passes the PSScriptAnalyzer Rule PSAvoidUsingInvokeExpression" name="Testing all Modules against default PSScriptAnalyzer rule-set.Testing Module 'C:\projects\cchoco\DSCResources\cChocoFeature\cChocoFeature.psm1'.passes the PSScriptAnalyzer Rule PSAvoidUsingInvokeExpression" time="0.0562" asserts="0" success="True" result="Success" executed="True" />
                  <test-case description="passes the PSScriptAnalyzer Rule PSAvoidUsingPlainTextForPassword" name="Testing all Modules against default PSScriptAnalyzer rule-set.Testing Module 'C:\projects\cchoco\DSCResources\cChocoFeature\cChocoFeature.psm1'.passes the PSScriptAnalyzer Rule PSAvoidUsingPlainTextForPassword" time="0.0576" asserts="0" success="True" result="Success" executed="True" />
                  <test-case description="passes the PSScriptAnalyzer Rule PSAvoidUsingWMICmdlet" name="Testing all Modules against default PSScriptAnalyzer rule-set.Testing Module 'C:\projects\cchoco\DSCResources\cChocoFeature\cChocoFeature.psm1'.passes the PSScriptAnalyzer Rule PSAvoidUsingWMICmdlet" time="0.0461" asserts="0" success="True" result="Success" executed="True" />
                  <test-case description="passes the PSScriptAnalyzer Rule PSAvoidUsingWriteHost" name="Testing all Modules against default PSScriptAnalyzer rule-set.Testing Module 'C:\projects\cchoco\DSCResources\cChocoFeature\cChocoFeature.psm1'.passes the PSScriptAnalyzer Rule PSAvoidUsingWriteHost" time="0.0473" asserts="0" success="True" result="Success" executed="True" />
                  <test-case description="passes the PSScriptAnalyzer Rule PSMisleadingBacktick" name="Testing all Modules against default PSScriptAnalyzer rule-set.Testing Module 'C:\projects\cchoco\DSCResources\cChocoFeature\cChocoFeature.psm1'.passes the PSScriptAnalyzer Rule PSMisleadingBacktick" time="0.0415" asserts="0" success="True" result="Success" executed="True" />
                  <test-case description="passes the PSScriptAnalyzer Rule PSMissingModuleManifestField" name="Testing all Modules against default PSScriptAnalyzer rule-set.Testing Module 'C:\projects\cchoco\DSCResources\cChocoFeature\cChocoFeature.psm1'.passes the PSScriptAnalyzer Rule PSMissingModuleManifestField" time="0.044" asserts="0" success="True" result="Success" executed="True" />
                  <test-case description="passes the PSScriptAnalyzer Rule PSPossibleIncorrectComparisonWithNull" name="Testing all Modules against default PSScriptAnalyzer rule-set.Testing Module 'C:\projects\cchoco\DSCResources\cChocoFeature\cChocoFeature.psm1'.passes the PSScriptAnalyzer Rule PSPossibleIncorrectComparisonWithNull" time="0.0465" asserts="0" success="True" result="Success" executed="True" />
                  <test-case description="passes the PSScriptAnalyzer Rule PSProvideCommentHelp" name="Testing all Modules against default PSScriptAnalyzer rule-set.Testing Module 'C:\projects\cchoco\DSCResources\cChocoFeature\cChocoFeature.psm1'.passes the PSScriptAnalyzer Rule PSProvideCommentHelp" time="0.301" asserts="0" success="True" result="Success" executed="True" />
                  <test-case description="passes the PSScriptAnalyzer Rule PSUseApprovedVerbs" name="Testing all Modules against default PSScriptAnalyzer rule-set.Testing Module 'C:\projects\cchoco\DSCResources\cChocoFeature\cChocoFeature.psm1'.passes the PSScriptAnalyzer Rule PSUseApprovedVerbs" time="0.0511" asserts="0" success="True" result="Success" executed="True" />
                  <test-case description="passes the PSScriptAnalyzer Rule PSUseBOMForUnicodeEncodedFile" name="Testing all Modules against default PSScriptAnalyzer rule-set.Testing Module 'C:\projects\cchoco\DSCResources\cChocoFeature\cChocoFeature.psm1'.passes the PSScriptAnalyzer Rule PSUseBOMForUnicodeEncodedFile" time="0.0693" asserts="0" success="True" result="Success" executed="True" />
                  <test-case description="passes the PSScriptAnalyzer Rule PSUseCmdletCorrectly" name="Testing all Modules against default PSScriptAnalyzer rule-set.Testing Module 'C:\projects\cchoco\DSCResources\cChocoFeature\cChocoFeature.psm1'.passes the PSScriptAnalyzer Rule PSUseCmdletCorrectly" time="0.324" asserts="0" success="True" result="Success" executed="True" />
                  <test-case description="passes the PSScriptAnalyzer Rule PSUseCompatibleCmdlets" name="Testing all Modules against default PSScriptAnalyzer rule-set.Testing Module 'C:\projects\cchoco\DSCResources\cChocoFeature\cChocoFeature.psm1'.passes the PSScriptAnalyzer Rule PSUseCompatibleCmdlets" time="0.0727" asserts="0" success="True" result="Success" executed="True" />
                  <test-case description="passes the PSScriptAnalyzer Rule PSUseDeclaredVarsMoreThanAssignments" name="Testing all Modules against default PSScriptAnalyzer rule-set.Testing Module 'C:\projects\cchoco\DSCResources\cChocoFeature\cChocoFeature.psm1'.passes the PSScriptAnalyzer Rule PSUseDeclaredVarsMoreThanAssignments" time="0.0718" asserts="0" success="True" result="Success" executed="True" />
                  <test-case description="passes the PSScriptAnalyzer Rule PSUseLiteralInitializerForHashtable" name="Testing all Modules against default PSScriptAnalyzer rule-set.Testing Module 'C:\projects\cchoco\DSCResources\cChocoFeature\cChocoFeature.psm1'.passes the PSScriptAnalyzer Rule PSUseLiteralInitializerForHashtable" time="0.0418" asserts="0" success="True" result="Success" executed="True" />
                  <test-case description="passes the PSScriptAnalyzer Rule PSUseOutputTypeCorrectly" name="Testing all Modules against default PSScriptAnalyzer rule-set.Testing Module 'C:\projects\cchoco\DSCResources\cChocoFeature\cChocoFeature.psm1'.passes the PSScriptAnalyzer Rule PSUseOutputTypeCorrectly" time="0.0723" asserts="0" success="True" result="Success" executed="True" />
                  <test-case description="passes the PSScriptAnalyzer Rule PSUsePSCredentialType" name="Testing all Modules against default PSScriptAnalyzer rule-set.Testing Module 'C:\projects\cchoco\DSCResources\cChocoFeature\cChocoFeature.psm1'.passes the PSScriptAnalyzer Rule PSUsePSCredentialType" time="0.049" asserts="0" success="True" result="Success" executed="True" />
                  <test-case description="passes the PSScriptAnalyzer Rule PSShouldProcess" name="Testing all Modules against default PSScriptAnalyzer rule-set.Testing Module 'C:\projects\cchoco\DSCResources\cChocoFeature\cChocoFeature.psm1'.passes the PSScriptAnalyzer Rule PSShouldProcess" time="0.2451" asserts="0" success="True" result="Success" executed="True" />
                  <test-case description="passes the PSScriptAnalyzer Rule PSUseShouldProcessForStateChangingFunctions" name="Testing all Modules against default PSScriptAnalyzer rule-set.Testing Module 'C:\projects\cchoco\DSCResources\cChocoFeature\cChocoFeature.psm1'.passes the PSScriptAnalyzer Rule PSUseShouldProcessForStateChangingFunctions" time="0.0794" asserts="0" success="True" result="Success" executed="True" />
                  <test-case description="passes the PSScriptAnalyzer Rule PSUseSingularNouns" name="Testing all Modules against default PSScriptAnalyzer rule-set.Testing Module 'C:\projects\cchoco\DSCResources\cChocoFeature\cChocoFeature.psm1'.passes the PSScriptAnalyzer Rule PSUseSingularNouns" time="0.107" asserts="0" success="True" result="Success" executed="True" />
                  <test-case description="passes the PSScriptAnalyzer Rule PSUseToExportFieldsInManifest" name="Testing all Modules against default PSScriptAnalyzer rule-set.Testing Module 'C:\projects\cchoco\DSCResources\cChocoFeature\cChocoFeature.psm1'.passes the PSScriptAnalyzer Rule PSUseToExportFieldsInManifest" time="0.0711" asserts="0" success="True" result="Success" executed="True" />
                  <test-case description="passes the PSScriptAnalyzer Rule PSUseUTF8EncodingForHelpFile" name="Testing all Modules against default PSScriptAnalyzer rule-set.Testing Module 'C:\projects\cchoco\DSCResources\cChocoFeature\cChocoFeature.psm1'.passes the PSScriptAnalyzer Rule PSUseUTF8EncodingForHelpFile" time="0.0629" asserts="0" success="True" result="Success" executed="True" />
                  <test-case description="passes the PSScriptAnalyzer Rule PSDSCDscExamplesPresent" name="Testing all Modules against default PSScriptAnalyzer rule-set.Testing Module 'C:\projects\cchoco\DSCResources\cChocoFeature\cChocoFeature.psm1'.passes the PSScriptAnalyzer Rule PSDSCDscExamplesPresent" time="0.0537" asserts="0" success="True" result="Success" executed="True" />
                  <test-case description="passes the PSScriptAnalyzer Rule PSDSCDscTestsPresent" name="Testing all Modules against default PSScriptAnalyzer rule-set.Testing Module 'C:\projects\cchoco\DSCResources\cChocoFeature\cChocoFeature.psm1'.passes the PSScriptAnalyzer Rule PSDSCDscTestsPresent" time="0.0399" asserts="0" success="True" result="Success" executed="True" />
                  <test-case description="passes the PSScriptAnalyzer Rule PSDSCReturnCorrectTypesForDSCFunctions" name="Testing all Modules against default PSScriptAnalyzer rule-set.Testing Module 'C:\projects\cchoco\DSCResources\cChocoFeature\cChocoFeature.psm1'.passes the PSScriptAnalyzer Rule PSDSCReturnCorrectTypesForDSCFunctions" time="0.0458" asserts="0" success="True" result="Success" executed="True" />
                  <test-case description="passes the PSScriptAnalyzer Rule PSDSCUseIdenticalMandatoryParametersForDSC" name="Testing all Modules against default PSScriptAnalyzer rule-set.Testing Module 'C:\projects\cchoco\DSCResources\cChocoFeature\cChocoFeature.psm1'.passes the PSScriptAnalyzer Rule PSDSCUseIdenticalMandatoryParametersForDSC" time="0.0442" asserts="0" success="True" result="Success" executed="True" />
                  <test-case description="passes the PSScriptAnalyzer Rule PSDSCUseIdenticalParametersForDSC" name="Testing all Modules against default PSScriptAnalyzer rule-set.Testing Module 'C:\projects\cchoco\DSCResources\cChocoFeature\cChocoFeature.psm1'.passes the PSScriptAnalyzer Rule PSDSCUseIdenticalParametersForDSC" time="0.0462" asserts="0" success="True" result="Success" executed="True" />
                  <test-case description="passes the PSScriptAnalyzer Rule PSDSCStandardDSCFunctionsInResource" name="Testing all Modules against default PSScriptAnalyzer rule-set.Testing Module 'C:\projects\cchoco\DSCResources\cChocoFeature\cChocoFeature.psm1'.passes the PSScriptAnalyzer Rule PSDSCStandardDSCFunctionsInResource" time="0.0418" asserts="0" success="True" result="Success" executed="True" />
                  <test-case description="passes the PSScriptAnalyzer Rule PSDSCUseVerboseMessageInDSCResource" name="Testing all Modules against default PSScriptAnalyzer rule-set.Testing Module 'C:\projects\cchoco\DSCResources\cChocoFeature\cChocoFeature.psm1'.passes the PSScriptAnalyzer Rule PSDSCUseVerboseMessageInDSCResource" time="0.0498" asserts="0" success="True" result="Success" executed="True" />
                </results>
              </test-suite>
              <test-suite type="TestFixture" name="Testing Module 'C:\projects\cchoco\DSCResources\cChocoInstaller\cChocoInstaller.psm1'" executed="True" result="Success" success="True" time="7.1488" asserts="0" description="Testing Module 'C:\projects\cchoco\DSCResources\cChocoInstaller\cChocoInstaller.psm1'">
                <results>
                  <test-case description="passes the PSScriptAnalyzer Rule PSAvoidUsingCmdletAliases" name="Testing all Modules against default PSScriptAnalyzer rule-set.Testing Module 'C:\projects\cchoco\DSCResources\cChocoInstaller\cChocoInstaller.psm1'.passes the PSScriptAnalyzer Rule PSAvoidUsingCmdletAliases" time="0.0449" asserts="0" success="True" result="Success" executed="True" />
                  <test-case description="passes the PSScriptAnalyzer Rule PSAvoidDefaultValueSwitchParameter" name="Testing all Modules against default PSScriptAnalyzer rule-set.Testing Module 'C:\projects\cchoco\DSCResources\cChocoInstaller\cChocoInstaller.psm1'.passes the PSScriptAnalyzer Rule PSAvoidDefaultValueSwitchParameter" time="0.039" asserts="0" success="True" result="Success" executed="True" />
                  <test-case description="passes the PSScriptAnalyzer Rule PSAvoidDefaultValueForMandatoryParameter" name="Testing all Modules against default PSScriptAnalyzer rule-set.Testing Module 'C:\projects\cchoco\DSCResources\cChocoInstaller\cChocoInstaller.psm1'.passes the PSScriptAnalyzer Rule PSAvoidDefaultValueForMandatoryParameter" time="0.038" asserts="0" success="True" result="Success" executed="True" />
                  <test-case description="passes the PSScriptAnalyzer Rule PSAvoidUsingEmptyCatchBlock" name="Testing all Modules against default PSScriptAnalyzer rule-set.Testing Module 'C:\projects\cchoco\DSCResources\cChocoInstaller\cChocoInstaller.psm1'.passes the PSScriptAnalyzer Rule PSAvoidUsingEmptyCatchBlock" time="0.0446" asserts="0" success="True" result="Success" executed="True" />
                  <test-case description="passes the PSScriptAnalyzer Rule PSAvoidGlobalVars" name="Testing all Modules against default PSScriptAnalyzer rule-set.Testing Module 'C:\projects\cchoco\DSCResources\cChocoInstaller\cChocoInstaller.psm1'.passes the PSScriptAnalyzer Rule PSAvoidGlobalVars" time="0.0393" asserts="0" success="True" result="Success" executed="True" />
                  <test-case description="passes the PSScriptAnalyzer Rule PSAvoidInvokingEmptyMembers" name="Testing all Modules against default PSScriptAnalyzer rule-set.Testing Module 'C:\projects\cchoco\DSCResources\cChocoInstaller\cChocoInstaller.psm1'.passes the PSScriptAnalyzer Rule PSAvoidInvokingEmptyMembers" time="0.0586" asserts="0" success="True" result="Success" executed="True" />
                  <test-case description="passes the PSScriptAnalyzer Rule PSAvoidNullOrEmptyHelpMessageAttribute" name="Testing all Modules against default PSScriptAnalyzer rule-set.Testing Module 'C:\projects\cchoco\DSCResources\cChocoInstaller\cChocoInstaller.psm1'.passes the PSScriptAnalyzer Rule PSAvoidNullOrEmptyHelpMessageAttribute" time="0.046" asserts="0" success="True" result="Success" executed="True" />
                  <test-case description="passes the PSScriptAnalyzer Rule PSAvoidUsingPositionalParameters" name="Testing all Modules against default PSScriptAnalyzer rule-set.Testing Module 'C:\projects\cchoco\DSCResources\cChocoInstaller\cChocoInstaller.psm1'.passes the PSScriptAnalyzer Rule PSAvoidUsingPositionalParameters" time="1.4896" asserts="0" success="True" result="Success" executed="True" />
                  <test-case description="passes the PSScriptAnalyzer Rule PSReservedCmdletChar" name="Testing all Modules against default PSScriptAnalyzer rule-set.Testing Module 'C:\projects\cchoco\DSCResources\cChocoInstaller\cChocoInstaller.psm1'.passes the PSScriptAnalyzer Rule PSReservedCmdletChar" time="0.3349" asserts="0" success="True" result="Success" executed="True" />
                  <test-case description="passes the PSScriptAnalyzer Rule PSReservedParams" name="Testing all Modules against default PSScriptAnalyzer rule-set.Testing Module 'C:\projects\cchoco\DSCResources\cChocoInstaller\cChocoInstaller.psm1'.passes the PSScriptAnalyzer Rule PSReservedParams" time="0.0427" asserts="0" success="True" result="Success" executed="True" />
                  <test-case description="passes the PSScriptAnalyzer Rule PSAvoidShouldContinueWithoutForce" name="Testing all Modules against default PSScriptAnalyzer rule-set.Testing Module 'C:\projects\cchoco\DSCResources\cChocoInstaller\cChocoInstaller.psm1'.passes the PSScriptAnalyzer Rule PSAvoidShouldContinueWithoutForce" time="0.0413" asserts="0" success="True" result="Success" executed="True" />
                  <test-case description="passes the PSScriptAnalyzer Rule PSAvoidUsingUserNameAndPassWordParams" name="Testing all Modules against default PSScriptAnalyzer rule-set.Testing Module 'C:\projects\cchoco\DSCResources\cChocoInstaller\cChocoInstaller.psm1'.passes the PSScriptAnalyzer Rule PSAvoidUsingUserNameAndPassWordParams" time="0.0387" asserts="0" success="True" result="Success" executed="True" />
                  <test-case description="passes the PSScriptAnalyzer Rule PSAvoidUsingComputerNameHardcoded" name="Testing all Modules against default PSScriptAnalyzer rule-set.Testing Module 'C:\projects\cchoco\DSCResources\cChocoInstaller\cChocoInstaller.psm1'.passes the PSScriptAnalyzer Rule PSAvoidUsingComputerNameHardcoded" time="0.0456" asserts="0" success="True" result="Success" executed="True" />
                  <test-case description="passes the PSScriptAnalyzer Rule PSAvoidUsingConvertToSecureStringWithPlainText" name="Testing all Modules against default PSScriptAnalyzer rule-set.Testing Module 'C:\projects\cchoco\DSCResources\cChocoInstaller\cChocoInstaller.psm1'.passes the PSScriptAnalyzer Rule PSAvoidUsingConvertToSecureStringWithPlainText" time="0.0465" asserts="0" success="True" result="Success" executed="True" />
                  <test-case description="passes the PSScriptAnalyzer Rule PSAvoidUsingDeprecatedManifestFields" name="Testing all Modules against default PSScriptAnalyzer rule-set.Testing Module 'C:\projects\cchoco\DSCResources\cChocoInstaller\cChocoInstaller.psm1'.passes the PSScriptAnalyzer Rule PSAvoidUsingDeprecatedManifestFields" time="0.0439" asserts="0" success="True" result="Success" executed="True" />
                  <test-case description="passes the PSScriptAnalyzer Rule PSAvoidUsingInvokeExpression" name="Testing all Modules against default PSScriptAnalyzer rule-set.Testing Module 'C:\projects\cchoco\DSCResources\cChocoInstaller\cChocoInstaller.psm1'.passes the PSScriptAnalyzer Rule PSAvoidUsingInvokeExpression" time="0.0429" asserts="0" success="True" result="Success" executed="True" />
                  <test-case description="passes the PSScriptAnalyzer Rule PSAvoidUsingPlainTextForPassword" name="Testing all Modules against default PSScriptAnalyzer rule-set.Testing Module 'C:\projects\cchoco\DSCResources\cChocoInstaller\cChocoInstaller.psm1'.passes the PSScriptAnalyzer Rule PSAvoidUsingPlainTextForPassword" time="0.0421" asserts="0" success="True" result="Success" executed="True" />
                  <test-case description="passes the PSScriptAnalyzer Rule PSAvoidUsingWMICmdlet" name="Testing all Modules against default PSScriptAnalyzer rule-set.Testing Module 'C:\projects\cchoco\DSCResources\cChocoInstaller\cChocoInstaller.psm1'.passes the PSScriptAnalyzer Rule PSAvoidUsingWMICmdlet" time="0.0396" asserts="0" success="True" result="Success" executed="True" />
                  <test-case description="passes the PSScriptAnalyzer Rule PSAvoidUsingWriteHost" name="Testing all Modules against default PSScriptAnalyzer rule-set.Testing Module 'C:\projects\cchoco\DSCResources\cChocoInstaller\cChocoInstaller.psm1'.passes the PSScriptAnalyzer Rule PSAvoidUsingWriteHost" time="0.04" asserts="0" success="True" result="Success" executed="True" />
                  <test-case description="passes the PSScriptAnalyzer Rule PSMisleadingBacktick" name="Testing all Modules against default PSScriptAnalyzer rule-set.Testing Module 'C:\projects\cchoco\DSCResources\cChocoInstaller\cChocoInstaller.psm1'.passes the PSScriptAnalyzer Rule PSMisleadingBacktick" time="0.0584" asserts="0" success="True" result="Success" executed="True" />
                  <test-case description="passes the PSScriptAnalyzer Rule PSMissingModuleManifestField" name="Testing all Modules against default PSScriptAnalyzer rule-set.Testing Module 'C:\projects\cchoco\DSCResources\cChocoInstaller\cChocoInstaller.psm1'.passes the PSScriptAnalyzer Rule PSMissingModuleManifestField" time="0.0458" asserts="0" success="True" result="Success" executed="True" />
                  <test-case description="passes the PSScriptAnalyzer Rule PSPossibleIncorrectComparisonWithNull" name="Testing all Modules against default PSScriptAnalyzer rule-set.Testing Module 'C:\projects\cchoco\DSCResources\cChocoInstaller\cChocoInstaller.psm1'.passes the PSScriptAnalyzer Rule PSPossibleIncorrectComparisonWithNull" time="0.0451" asserts="0" success="True" result="Success" executed="True" />
                  <test-case description="passes the PSScriptAnalyzer Rule PSProvideCommentHelp" name="Testing all Modules against default PSScriptAnalyzer rule-set.Testing Module 'C:\projects\cchoco\DSCResources\cChocoInstaller\cChocoInstaller.psm1'.passes the PSScriptAnalyzer Rule PSProvideCommentHelp" time="0.3017" asserts="0" success="True" result="Success" executed="True" />
                  <test-case description="passes the PSScriptAnalyzer Rule PSUseApprovedVerbs" name="Testing all Modules against default PSScriptAnalyzer rule-set.Testing Module 'C:\projects\cchoco\DSCResources\cChocoInstaller\cChocoInstaller.psm1'.passes the PSScriptAnalyzer Rule PSUseApprovedVerbs" time="0.0794" asserts="0" success="True" result="Success" executed="True" />
                  <test-case description="passes the PSScriptAnalyzer Rule PSUseBOMForUnicodeEncodedFile" name="Testing all Modules against default PSScriptAnalyzer rule-set.Testing Module 'C:\projects\cchoco\DSCResources\cChocoInstaller\cChocoInstaller.psm1'.passes the PSScriptAnalyzer Rule PSUseBOMForUnicodeEncodedFile" time="0.0805" asserts="0" success="True" result="Success" executed="True" />
                  <test-case description="passes the PSScriptAnalyzer Rule PSUseCmdletCorrectly" name="Testing all Modules against default PSScriptAnalyzer rule-set.Testing Module 'C:\projects\cchoco\DSCResources\cChocoInstaller\cChocoInstaller.psm1'.passes the PSScriptAnalyzer Rule PSUseCmdletCorrectly" time="2.0537" asserts="0" success="True" result="Success" executed="True" />
                  <test-case description="passes the PSScriptAnalyzer Rule PSUseCompatibleCmdlets" name="Testing all Modules against default PSScriptAnalyzer rule-set.Testing Module 'C:\projects\cchoco\DSCResources\cChocoInstaller\cChocoInstaller.psm1'.passes the PSScriptAnalyzer Rule PSUseCompatibleCmdlets" time="0.0685" asserts="0" success="True" result="Success" executed="True" />
                  <test-case description="passes the PSScriptAnalyzer Rule PSUseDeclaredVarsMoreThanAssignments" name="Testing all Modules against default PSScriptAnalyzer rule-set.Testing Module 'C:\projects\cchoco\DSCResources\cChocoInstaller\cChocoInstaller.psm1'.passes the PSScriptAnalyzer Rule PSUseDeclaredVarsMoreThanAssignments" time="0.0598" asserts="0" success="True" result="Success" executed="True" />
                  <test-case description="passes the PSScriptAnalyzer Rule PSUseLiteralInitializerForHashtable" name="Testing all Modules against default PSScriptAnalyzer rule-set.Testing Module 'C:\projects\cchoco\DSCResources\cChocoInstaller\cChocoInstaller.psm1'.passes the PSScriptAnalyzer Rule PSUseLiteralInitializerForHashtable" time="0.0548" asserts="0" success="True" result="Success" executed="True" />
                  <test-case description="passes the PSScriptAnalyzer Rule PSUseOutputTypeCorrectly" name="Testing all Modules against default PSScriptAnalyzer rule-set.Testing Module 'C:\projects\cchoco\DSCResources\cChocoInstaller\cChocoInstaller.psm1'.passes the PSScriptAnalyzer Rule PSUseOutputTypeCorrectly" time="0.0874" asserts="0" success="True" result="Success" executed="True" />
                  <test-case description="passes the PSScriptAnalyzer Rule PSUsePSCredentialType" name="Testing all Modules against default PSScriptAnalyzer rule-set.Testing Module 'C:\projects\cchoco\DSCResources\cChocoInstaller\cChocoInstaller.psm1'.passes the PSScriptAnalyzer Rule PSUsePSCredentialType" time="0.0576" asserts="0" success="True" result="Success" executed="True" />
                  <test-case description="passes the PSScriptAnalyzer Rule PSShouldProcess" name="Testing all Modules against default PSScriptAnalyzer rule-set.Testing Module 'C:\projects\cchoco\DSCResources\cChocoInstaller\cChocoInstaller.psm1'.passes the PSScriptAnalyzer Rule PSShouldProcess" time="0.8316" asserts="0" success="True" result="Success" executed="True" />
                  <test-case description="passes the PSScriptAnalyzer Rule PSUseShouldProcessForStateChangingFunctions" name="Testing all Modules against default PSScriptAnalyzer rule-set.Testing Module 'C:\projects\cchoco\DSCResources\cChocoInstaller\cChocoInstaller.psm1'.passes the PSScriptAnalyzer Rule PSUseShouldProcessForStateChangingFunctions" time="0.0403" asserts="0" success="True" result="Success" executed="True" />
                  <test-case description="passes the PSScriptAnalyzer Rule PSUseSingularNouns" name="Testing all Modules against default PSScriptAnalyzer rule-set.Testing Module 'C:\projects\cchoco\DSCResources\cChocoInstaller\cChocoInstaller.psm1'.passes the PSScriptAnalyzer Rule PSUseSingularNouns" time="0.0421" asserts="0" success="True" result="Success" executed="True" />
                  <test-case description="passes the PSScriptAnalyzer Rule PSUseToExportFieldsInManifest" name="Testing all Modules against default PSScriptAnalyzer rule-set.Testing Module 'C:\projects\cchoco\DSCResources\cChocoInstaller\cChocoInstaller.psm1'.passes the PSScriptAnalyzer Rule PSUseToExportFieldsInManifest" time="0.0421" asserts="0" success="True" result="Success" executed="True" />
                  <test-case description="passes the PSScriptAnalyzer Rule PSUseUTF8EncodingForHelpFile" name="Testing all Modules against default PSScriptAnalyzer rule-set.Testing Module 'C:\projects\cchoco\DSCResources\cChocoInstaller\cChocoInstaller.psm1'.passes the PSScriptAnalyzer Rule PSUseUTF8EncodingForHelpFile" time="0.0396" asserts="0" success="True" result="Success" executed="True" />
                  <test-case description="passes the PSScriptAnalyzer Rule PSDSCDscExamplesPresent" name="Testing all Modules against default PSScriptAnalyzer rule-set.Testing Module 'C:\projects\cchoco\DSCResources\cChocoInstaller\cChocoInstaller.psm1'.passes the PSScriptAnalyzer Rule PSDSCDscExamplesPresent" time="0.0388" asserts="0" success="True" result="Success" executed="True" />
                  <test-case description="passes the PSScriptAnalyzer Rule PSDSCDscTestsPresent" name="Testing all Modules against default PSScriptAnalyzer rule-set.Testing Module 'C:\projects\cchoco\DSCResources\cChocoInstaller\cChocoInstaller.psm1'.passes the PSScriptAnalyzer Rule PSDSCDscTestsPresent" time="0.0421" asserts="0" success="True" result="Success" executed="True" />
                  <test-case description="passes the PSScriptAnalyzer Rule PSDSCReturnCorrectTypesForDSCFunctions" name="Testing all Modules against default PSScriptAnalyzer rule-set.Testing Module 'C:\projects\cchoco\DSCResources\cChocoInstaller\cChocoInstaller.psm1'.passes the PSScriptAnalyzer Rule PSDSCReturnCorrectTypesForDSCFunctions" time="0.0423" asserts="0" success="True" result="Success" executed="True" />
                  <test-case description="passes the PSScriptAnalyzer Rule PSDSCUseIdenticalMandatoryParametersForDSC" name="Testing all Modules against default PSScriptAnalyzer rule-set.Testing Module 'C:\projects\cchoco\DSCResources\cChocoInstaller\cChocoInstaller.psm1'.passes the PSScriptAnalyzer Rule PSDSCUseIdenticalMandatoryParametersForDSC" time="0.0446" asserts="0" success="True" result="Success" executed="True" />
                  <test-case description="passes the PSScriptAnalyzer Rule PSDSCUseIdenticalParametersForDSC" name="Testing all Modules against default PSScriptAnalyzer rule-set.Testing Module 'C:\projects\cchoco\DSCResources\cChocoInstaller\cChocoInstaller.psm1'.passes the PSScriptAnalyzer Rule PSDSCUseIdenticalParametersForDSC" time="0.0444" asserts="0" success="True" result="Success" executed="True" />
                  <test-case description="passes the PSScriptAnalyzer Rule PSDSCStandardDSCFunctionsInResource" name="Testing all Modules against default PSScriptAnalyzer rule-set.Testing Module 'C:\projects\cchoco\DSCResources\cChocoInstaller\cChocoInstaller.psm1'.passes the PSScriptAnalyzer Rule PSDSCStandardDSCFunctionsInResource" time="0.0432" asserts="0" success="True" result="Success" executed="True" />
                  <test-case description="passes the PSScriptAnalyzer Rule PSDSCUseVerboseMessageInDSCResource" name="Testing all Modules against default PSScriptAnalyzer rule-set.Testing Module 'C:\projects\cchoco\DSCResources\cChocoInstaller\cChocoInstaller.psm1'.passes the PSScriptAnalyzer Rule PSDSCUseVerboseMessageInDSCResource" time="0.0385" asserts="0" success="True" result="Success" executed="True" />
                </results>
              </test-suite>
              <test-suite type="TestFixture" name="Testing Module 'C:\projects\cchoco\DSCResources\cChocoPackageInstall\cChocoPackageInstall.psm1'" executed="True" result="Success" success="True" time="13.5444" asserts="0" description="Testing Module 'C:\projects\cchoco\DSCResources\cChocoPackageInstall\cChocoPackageInstall.psm1'">
                <results>
                  <test-case description="passes the PSScriptAnalyzer Rule PSAvoidUsingCmdletAliases" name="Testing all Modules against default PSScriptAnalyzer rule-set.Testing Module 'C:\projects\cchoco\DSCResources\cChocoPackageInstall\cChocoPackageInstall.psm1'.passes the PSScriptAnalyzer Rule PSAvoidUsingCmdletAliases" time="0.0534" asserts="0" success="True" result="Success" executed="True" />
                  <test-case description="passes the PSScriptAnalyzer Rule PSAvoidDefaultValueSwitchParameter" name="Testing all Modules against default PSScriptAnalyzer rule-set.Testing Module 'C:\projects\cchoco\DSCResources\cChocoPackageInstall\cChocoPackageInstall.psm1'.passes the PSScriptAnalyzer Rule PSAvoidDefaultValueSwitchParameter" time="0.0456" asserts="0" success="True" result="Success" executed="True" />
                  <test-case description="passes the PSScriptAnalyzer Rule PSAvoidDefaultValueForMandatoryParameter" name="Testing all Modules against default PSScriptAnalyzer rule-set.Testing Module 'C:\projects\cchoco\DSCResources\cChocoPackageInstall\cChocoPackageInstall.psm1'.passes the PSScriptAnalyzer Rule PSAvoidDefaultValueForMandatoryParameter" time="0.053" asserts="0" success="True" result="Success" executed="True" />
                  <test-case description="passes the PSScriptAnalyzer Rule PSAvoidUsingEmptyCatchBlock" name="Testing all Modules against default PSScriptAnalyzer rule-set.Testing Module 'C:\projects\cchoco\DSCResources\cChocoPackageInstall\cChocoPackageInstall.psm1'.passes the PSScriptAnalyzer Rule PSAvoidUsingEmptyCatchBlock" time="0.0433" asserts="0" success="True" result="Success" executed="True" />
                  <test-case description="passes the PSScriptAnalyzer Rule PSAvoidGlobalVars" name="Testing all Modules against default PSScriptAnalyzer rule-set.Testing Module 'C:\projects\cchoco\DSCResources\cChocoPackageInstall\cChocoPackageInstall.psm1'.passes the PSScriptAnalyzer Rule PSAvoidGlobalVars" time="0.0637" asserts="0" success="True" result="Success" executed="True" />
                  <test-case description="passes the PSScriptAnalyzer Rule PSAvoidInvokingEmptyMembers" name="Testing all Modules against default PSScriptAnalyzer rule-set.Testing Module 'C:\projects\cchoco\DSCResources\cChocoPackageInstall\cChocoPackageInstall.psm1'.passes the PSScriptAnalyzer Rule PSAvoidInvokingEmptyMembers" time="0.0794" asserts="0" success="True" result="Success" executed="True" />
                  <test-case description="passes the PSScriptAnalyzer Rule PSAvoidNullOrEmptyHelpMessageAttribute" name="Testing all Modules against default PSScriptAnalyzer rule-set.Testing Module 'C:\projects\cchoco\DSCResources\cChocoPackageInstall\cChocoPackageInstall.psm1'.passes the PSScriptAnalyzer Rule PSAvoidNullOrEmptyHelpMessageAttribute" time="0.0832" asserts="0" success="True" result="Success" executed="True" />
                  <test-case description="passes the PSScriptAnalyzer Rule PSAvoidUsingPositionalParameters" name="Testing all Modules against default PSScriptAnalyzer rule-set.Testing Module 'C:\projects\cchoco\DSCResources\cChocoPackageInstall\cChocoPackageInstall.psm1'.passes the PSScriptAnalyzer Rule PSAvoidUsingPositionalParameters" time="4.4079" asserts="0" success="True" result="Success" executed="True" />
                  <test-case description="passes the PSScriptAnalyzer Rule PSReservedCmdletChar" name="Testing all Modules against default PSScriptAnalyzer rule-set.Testing Module 'C:\projects\cchoco\DSCResources\cChocoPackageInstall\cChocoPackageInstall.psm1'.passes the PSScriptAnalyzer Rule PSReservedCmdletChar" time="0.3085" asserts="0" success="True" result="Success" executed="True" />
                  <test-case description="passes the PSScriptAnalyzer Rule PSReservedParams" name="Testing all Modules against default PSScriptAnalyzer rule-set.Testing Module 'C:\projects\cchoco\DSCResources\cChocoPackageInstall\cChocoPackageInstall.psm1'.passes the PSScriptAnalyzer Rule PSReservedParams" time="0.0693" asserts="0" success="True" result="Success" executed="True" />
                  <test-case description="passes the PSScriptAnalyzer Rule PSAvoidShouldContinueWithoutForce" name="Testing all Modules against default PSScriptAnalyzer rule-set.Testing Module 'C:\projects\cchoco\DSCResources\cChocoPackageInstall\cChocoPackageInstall.psm1'.passes the PSScriptAnalyzer Rule PSAvoidShouldContinueWithoutForce" time="0.0576" asserts="0" success="True" result="Success" executed="True" />
                  <test-case description="passes the PSScriptAnalyzer Rule PSAvoidUsingUserNameAndPassWordParams" name="Testing all Modules against default PSScriptAnalyzer rule-set.Testing Module 'C:\projects\cchoco\DSCResources\cChocoPackageInstall\cChocoPackageInstall.psm1'.passes the PSScriptAnalyzer Rule PSAvoidUsingUserNameAndPassWordParams" time="0.0485" asserts="0" success="True" result="Success" executed="True" />
                  <test-case description="passes the PSScriptAnalyzer Rule PSAvoidUsingComputerNameHardcoded" name="Testing all Modules against default PSScriptAnalyzer rule-set.Testing Module 'C:\projects\cchoco\DSCResources\cChocoPackageInstall\cChocoPackageInstall.psm1'.passes the PSScriptAnalyzer Rule PSAvoidUsingComputerNameHardcoded" time="0.047" asserts="0" success="True" result="Success" executed="True" />
                  <test-case description="passes the PSScriptAnalyzer Rule PSAvoidUsingConvertToSecureStringWithPlainText" name="Testing all Modules against default PSScriptAnalyzer rule-set.Testing Module 'C:\projects\cchoco\DSCResources\cChocoPackageInstall\cChocoPackageInstall.psm1'.passes the PSScriptAnalyzer Rule PSAvoidUsingConvertToSecureStringWithPlainText" time="0.0508" asserts="0" success="True" result="Success" executed="True" />
                  <test-case description="passes the PSScriptAnalyzer Rule PSAvoidUsingDeprecatedManifestFields" name="Testing all Modules against default PSScriptAnalyzer rule-set.Testing Module 'C:\projects\cchoco\DSCResources\cChocoPackageInstall\cChocoPackageInstall.psm1'.passes the PSScriptAnalyzer Rule PSAvoidUsingDeprecatedManifestFields" time="0.0454" asserts="0" success="True" result="Success" executed="True" />
                  <test-case description="passes the PSScriptAnalyzer Rule PSAvoidUsingInvokeExpression" name="Testing all Modules against default PSScriptAnalyzer rule-set.Testing Module 'C:\projects\cchoco\DSCResources\cChocoPackageInstall\cChocoPackageInstall.psm1'.passes the PSScriptAnalyzer Rule PSAvoidUsingInvokeExpression" time="0.0653" asserts="0" success="True" result="Success" executed="True" />
                  <test-case description="passes the PSScriptAnalyzer Rule PSAvoidUsingPlainTextForPassword" name="Testing all Modules against default PSScriptAnalyzer rule-set.Testing Module 'C:\projects\cchoco\DSCResources\cChocoPackageInstall\cChocoPackageInstall.psm1'.passes the PSScriptAnalyzer Rule PSAvoidUsingPlainTextForPassword" time="0.0549" asserts="0" success="True" result="Success" executed="True" />
                  <test-case description="passes the PSScriptAnalyzer Rule PSAvoidUsingWMICmdlet" name="Testing all Modules against default PSScriptAnalyzer rule-set.Testing Module 'C:\projects\cchoco\DSCResources\cChocoPackageInstall\cChocoPackageInstall.psm1'.passes the PSScriptAnalyzer Rule PSAvoidUsingWMICmdlet" time="0.0639" asserts="0" success="True" result="Success" executed="True" />
                  <test-case description="passes the PSScriptAnalyzer Rule PSAvoidUsingWriteHost" name="Testing all Modules against default PSScriptAnalyzer rule-set.Testing Module 'C:\projects\cchoco\DSCResources\cChocoPackageInstall\cChocoPackageInstall.psm1'.passes the PSScriptAnalyzer Rule PSAvoidUsingWriteHost" time="0.0819" asserts="0" success="True" result="Success" executed="True" />
                  <test-case description="passes the PSScriptAnalyzer Rule PSMisleadingBacktick" name="Testing all Modules against default PSScriptAnalyzer rule-set.Testing Module 'C:\projects\cchoco\DSCResources\cChocoPackageInstall\cChocoPackageInstall.psm1'.passes the PSScriptAnalyzer Rule PSMisleadingBacktick" time="0.0471" asserts="0" success="True" result="Success" executed="True" />
                  <test-case description="passes the PSScriptAnalyzer Rule PSMissingModuleManifestField" name="Testing all Modules against default PSScriptAnalyzer rule-set.Testing Module 'C:\projects\cchoco\DSCResources\cChocoPackageInstall\cChocoPackageInstall.psm1'.passes the PSScriptAnalyzer Rule PSMissingModuleManifestField" time="0.0541" asserts="0" success="True" result="Success" executed="True" />
                  <test-case description="passes the PSScriptAnalyzer Rule PSPossibleIncorrectComparisonWithNull" name="Testing all Modules against default PSScriptAnalyzer rule-set.Testing Module 'C:\projects\cchoco\DSCResources\cChocoPackageInstall\cChocoPackageInstall.psm1'.passes the PSScriptAnalyzer Rule PSPossibleIncorrectComparisonWithNull" time="0.0474" asserts="0" success="True" result="Success" executed="True" />
                  <test-case description="passes the PSScriptAnalyzer Rule PSProvideCommentHelp" name="Testing all Modules against default PSScriptAnalyzer rule-set.Testing Module 'C:\projects\cchoco\DSCResources\cChocoPackageInstall\cChocoPackageInstall.psm1'.passes the PSScriptAnalyzer Rule PSProvideCommentHelp" time="0.3015" asserts="0" success="True" result="Success" executed="True" />
                  <test-case description="passes the PSScriptAnalyzer Rule PSUseApprovedVerbs" name="Testing all Modules against default PSScriptAnalyzer rule-set.Testing Module 'C:\projects\cchoco\DSCResources\cChocoPackageInstall\cChocoPackageInstall.psm1'.passes the PSScriptAnalyzer Rule PSUseApprovedVerbs" time="0.0855" asserts="0" success="True" result="Success" executed="True" />
                  <test-case description="passes the PSScriptAnalyzer Rule PSUseBOMForUnicodeEncodedFile" name="Testing all Modules against default PSScriptAnalyzer rule-set.Testing Module 'C:\projects\cchoco\DSCResources\cChocoPackageInstall\cChocoPackageInstall.psm1'.passes the PSScriptAnalyzer Rule PSUseBOMForUnicodeEncodedFile" time="0.0979" asserts="0" success="True" result="Success" executed="True" />
                  <test-case description="passes the PSScriptAnalyzer Rule PSUseCmdletCorrectly" name="Testing all Modules against default PSScriptAnalyzer rule-set.Testing Module 'C:\projects\cchoco\DSCResources\cChocoPackageInstall\cChocoPackageInstall.psm1'.passes the PSScriptAnalyzer Rule PSUseCmdletCorrectly" time="5.0352" asserts="0" success="True" result="Success" executed="True" />
                  <test-case description="passes the PSScriptAnalyzer Rule PSUseCompatibleCmdlets" name="Testing all Modules against default PSScriptAnalyzer rule-set.Testing Module 'C:\projects\cchoco\DSCResources\cChocoPackageInstall\cChocoPackageInstall.psm1'.passes the PSScriptAnalyzer Rule PSUseCompatibleCmdlets" time="0.0885" asserts="0" success="True" result="Success" executed="True" />
                  <test-case description="passes the PSScriptAnalyzer Rule PSUseDeclaredVarsMoreThanAssignments" name="Testing all Modules against default PSScriptAnalyzer rule-set.Testing Module 'C:\projects\cchoco\DSCResources\cChocoPackageInstall\cChocoPackageInstall.psm1'.passes the PSScriptAnalyzer Rule PSUseDeclaredVarsMoreThanAssignments" time="0.0826" asserts="0" success="True" result="Success" executed="True" />
                  <test-case description="passes the PSScriptAnalyzer Rule PSUseLiteralInitializerForHashtable" name="Testing all Modules against default PSScriptAnalyzer rule-set.Testing Module 'C:\projects\cchoco\DSCResources\cChocoPackageInstall\cChocoPackageInstall.psm1'.passes the PSScriptAnalyzer Rule PSUseLiteralInitializerForHashtable" time="0.0945" asserts="0" success="True" result="Success" executed="True" />
                  <test-case description="passes the PSScriptAnalyzer Rule PSUseOutputTypeCorrectly" name="Testing all Modules against default PSScriptAnalyzer rule-set.Testing Module 'C:\projects\cchoco\DSCResources\cChocoPackageInstall\cChocoPackageInstall.psm1'.passes the PSScriptAnalyzer Rule PSUseOutputTypeCorrectly" time="0.0752" asserts="0" success="True" result="Success" executed="True" />
                  <test-case description="passes the PSScriptAnalyzer Rule PSUsePSCredentialType" name="Testing all Modules against default PSScriptAnalyzer rule-set.Testing Module 'C:\projects\cchoco\DSCResources\cChocoPackageInstall\cChocoPackageInstall.psm1'.passes the PSScriptAnalyzer Rule PSUsePSCredentialType" time="0.0851" asserts="0" success="True" result="Success" executed="True" />
                  <test-case description="passes the PSScriptAnalyzer Rule PSShouldProcess" name="Testing all Modules against default PSScriptAnalyzer rule-set.Testing Module 'C:\projects\cchoco\DSCResources\cChocoPackageInstall\cChocoPackageInstall.psm1'.passes the PSScriptAnalyzer Rule PSShouldProcess" time="0.8663" asserts="0" success="True" result="Success" executed="True" />
                  <test-case description="passes the PSScriptAnalyzer Rule PSUseShouldProcessForStateChangingFunctions" name="Testing all Modules against default PSScriptAnalyzer rule-set.Testing Module 'C:\projects\cchoco\DSCResources\cChocoPackageInstall\cChocoPackageInstall.psm1'.passes the PSScriptAnalyzer Rule PSUseShouldProcessForStateChangingFunctions" time="0.056" asserts="0" success="True" result="Success" executed="True" />
                  <test-case description="passes the PSScriptAnalyzer Rule PSUseSingularNouns" name="Testing all Modules against default PSScriptAnalyzer rule-set.Testing Module 'C:\projects\cchoco\DSCResources\cChocoPackageInstall\cChocoPackageInstall.psm1'.passes the PSScriptAnalyzer Rule PSUseSingularNouns" time="0.0589" asserts="0" success="True" result="Success" executed="True" />
                  <test-case description="passes the PSScriptAnalyzer Rule PSUseToExportFieldsInManifest" name="Testing all Modules against default PSScriptAnalyzer rule-set.Testing Module 'C:\projects\cchoco\DSCResources\cChocoPackageInstall\cChocoPackageInstall.psm1'.passes the PSScriptAnalyzer Rule PSUseToExportFieldsInManifest" time="0.0539" asserts="0" success="True" result="Success" executed="True" />
                  <test-case description="passes the PSScriptAnalyzer Rule PSUseUTF8EncodingForHelpFile" name="Testing all Modules against default PSScriptAnalyzer rule-set.Testing Module 'C:\projects\cchoco\DSCResources\cChocoPackageInstall\cChocoPackageInstall.psm1'.passes the PSScriptAnalyzer Rule PSUseUTF8EncodingForHelpFile" time="0.0489" asserts="0" success="True" result="Success" executed="True" />
                  <test-case description="passes the PSScriptAnalyzer Rule PSDSCDscExamplesPresent" name="Testing all Modules against default PSScriptAnalyzer rule-set.Testing Module 'C:\projects\cchoco\DSCResources\cChocoPackageInstall\cChocoPackageInstall.psm1'.passes the PSScriptAnalyzer Rule PSDSCDscExamplesPresent" time="0.0489" asserts="0" success="True" result="Success" executed="True" />
                  <test-case description="passes the PSScriptAnalyzer Rule PSDSCDscTestsPresent" name="Testing all Modules against default PSScriptAnalyzer rule-set.Testing Module 'C:\projects\cchoco\DSCResources\cChocoPackageInstall\cChocoPackageInstall.psm1'.passes the PSScriptAnalyzer Rule PSDSCDscTestsPresent" time="0.0465" asserts="0" success="True" result="Success" executed="True" />
                  <test-case description="passes the PSScriptAnalyzer Rule PSDSCReturnCorrectTypesForDSCFunctions" name="Testing all Modules against default PSScriptAnalyzer rule-set.Testing Module 'C:\projects\cchoco\DSCResources\cChocoPackageInstall\cChocoPackageInstall.psm1'.passes the PSScriptAnalyzer Rule PSDSCReturnCorrectTypesForDSCFunctions" time="0.0473" asserts="0" success="True" result="Success" executed="True" />
                  <test-case description="passes the PSScriptAnalyzer Rule PSDSCUseIdenticalMandatoryParametersForDSC" name="Testing all Modules against default PSScriptAnalyzer rule-set.Testing Module 'C:\projects\cchoco\DSCResources\cChocoPackageInstall\cChocoPackageInstall.psm1'.passes the PSScriptAnalyzer Rule PSDSCUseIdenticalMandatoryParametersForDSC" time="0.0576" asserts="0" success="True" result="Success" executed="True" />
                  <test-case description="passes the PSScriptAnalyzer Rule PSDSCUseIdenticalParametersForDSC" name="Testing all Modules against default PSScriptAnalyzer rule-set.Testing Module 'C:\projects\cchoco\DSCResources\cChocoPackageInstall\cChocoPackageInstall.psm1'.passes the PSScriptAnalyzer Rule PSDSCUseIdenticalParametersForDSC" time="0.0454" asserts="0" success="True" result="Success" executed="True" />
                  <test-case description="passes the PSScriptAnalyzer Rule PSDSCStandardDSCFunctionsInResource" name="Testing all Modules against default PSScriptAnalyzer rule-set.Testing Module 'C:\projects\cchoco\DSCResources\cChocoPackageInstall\cChocoPackageInstall.psm1'.passes the PSScriptAnalyzer Rule PSDSCStandardDSCFunctionsInResource" time="0.045" asserts="0" success="True" result="Success" executed="True" />
                  <test-case description="passes the PSScriptAnalyzer Rule PSDSCUseVerboseMessageInDSCResource" name="Testing all Modules against default PSScriptAnalyzer rule-set.Testing Module 'C:\projects\cchoco\DSCResources\cChocoPackageInstall\cChocoPackageInstall.psm1'.passes the PSScriptAnalyzer Rule PSDSCUseVerboseMessageInDSCResource" time="0.0454" asserts="0" success="True" result="Success" executed="True" />
                </results>
              </test-suite>
            </results>
          </test-suite>
        </results>
      </test-suite>
      <test-suite type="TestFixture" name="C:\projects\cchoco\tests\cChoco_xDscResourceTests.ps1" executed="True" result="Success" success="True" time="9.1952" asserts="0" description="C:\projects\cchoco\tests\cChoco_xDscResourceTests.ps1">
        <results>
          <test-suite type="TestFixture" name="Testing all DSC resources using xDscResource designer." executed="True" result="Success" success="True" time="7.6797" asserts="0" description="Testing all DSC resources using xDscResource designer.">
            <results>
              <test-suite type="TestFixture" name="Testing DscResource 'cChocoConfig' using Test-xDscResource" executed="True" result="Success" success="True" time="1.9147" asserts="0" description="Testing DscResource 'cChocoConfig' using Test-xDscResource">
                <results>
                  <test-case description="Test-xDscResource should return $true" name="Testing all DSC resources using xDscResource designer..Testing DscResource 'cChocoConfig' using Test-xDscResource.Test-xDscResource should return $true" time="1.8619" asserts="0" success="True" result="Success" executed="True" />
                </results>
              </test-suite>
              <test-suite type="TestFixture" name="Testing DscSchema 'cChocoConfig' using Test-xDscSchema" executed="True" result="Success" success="True" time="0.1559" asserts="0" description="Testing DscSchema 'cChocoConfig' using Test-xDscSchema">
                <results>
                  <test-case description="Test-xDscSchema should return true" name="Testing all DSC resources using xDscResource designer..Testing DscSchema 'cChocoConfig' using Test-xDscSchema.Test-xDscSchema should return true" time="0.1303" asserts="0" success="True" result="Success" executed="True" />
                </results>
              </test-suite>
              <test-suite type="TestFixture" name="Testing DscResource 'cChocoFeature' using Test-xDscResource" executed="True" result="Success" success="True" time="1.2323" asserts="0" description="Testing DscResource 'cChocoFeature' using Test-xDscResource">
                <results>
                  <test-case description="Test-xDscResource should return $true" name="Testing all DSC resources using xDscResource designer..Testing DscResource 'cChocoFeature' using Test-xDscResource.Test-xDscResource should return $true" time="1.1303" asserts="0" success="True" result="Success" executed="True" />
                </results>
              </test-suite>
              <test-suite type="TestFixture" name="Testing DscSchema 'cChocoFeature' using Test-xDscSchema" executed="True" result="Success" success="True" time="0.1547" asserts="0" description="Testing DscSchema 'cChocoFeature' using Test-xDscSchema">
                <results>
                  <test-case description="Test-xDscSchema should return true" name="Testing all DSC resources using xDscResource designer..Testing DscSchema 'cChocoFeature' using Test-xDscSchema.Test-xDscSchema should return true" time="0.1299" asserts="0" success="True" result="Success" executed="True" />
                </results>
              </test-suite>
              <test-suite type="TestFixture" name="Testing DscResource 'cChocoInstaller' using Test-xDscResource" executed="True" result="Success" success="True" time="1.294" asserts="0" description="Testing DscResource 'cChocoInstaller' using Test-xDscResource">
                <results>
                  <test-case description="Test-xDscResource should return $true" name="Testing all DSC resources using xDscResource designer..Testing DscResource 'cChocoInstaller' using Test-xDscResource.Test-xDscResource should return $true" time="1.1917" asserts="0" success="True" result="Success" executed="True" />
                </results>
              </test-suite>
              <test-suite type="TestFixture" name="Testing DscSchema 'cChocoInstaller' using Test-xDscSchema" executed="True" result="Success" success="True" time="0.2672" asserts="0" description="Testing DscSchema 'cChocoInstaller' using Test-xDscSchema">
                <results>
                  <test-case description="Test-xDscSchema should return true" name="Testing all DSC resources using xDscResource designer..Testing DscSchema 'cChocoInstaller' using Test-xDscSchema.Test-xDscSchema should return true" time="0.2444" asserts="0" success="True" result="Success" executed="True" />
                </results>
              </test-suite>
              <test-suite type="TestFixture" name="Testing DscResource 'cChocoPackageInstall' using Test-xDscResource" executed="True" result="Success" success="True" time="0.9523" asserts="0" description="Testing DscResource 'cChocoPackageInstall' using Test-xDscResource">
                <results>
                  <test-case description="Test-xDscResource should return $true" name="Testing all DSC resources using xDscResource designer..Testing DscResource 'cChocoPackageInstall' using Test-xDscResource.Test-xDscResource should return $true" time="0.9034" asserts="0" success="True" result="Success" executed="True" />
                </results>
              </test-suite>
              <test-suite type="TestFixture" name="Testing DscSchema 'cChocoPackageInstall' using Test-xDscSchema" executed="True" result="Success" success="True" time="0.1452" asserts="0" description="Testing DscSchema 'cChocoPackageInstall' using Test-xDscSchema">
                <results>
                  <test-case description="Test-xDscSchema should return true" name="Testing all DSC resources using xDscResource designer..Testing DscSchema 'cChocoPackageInstall' using Test-xDscSchema.Test-xDscSchema should return true" time="0.1173" asserts="0" success="True" result="Success" executed="True" />
                </results>
              </test-suite>
              <test-suite type="TestFixture" name="Testing DscResource 'cChocoSource' using Test-xDscResource" executed="True" result="Success" success="True" time="1.2323" asserts="0" description="Testing DscResource 'cChocoSource' using Test-xDscResource">
                <results>
                  <test-case description="Test-xDscResource should return $true" name="Testing all DSC resources using xDscResource designer..Testing DscResource 'cChocoSource' using Test-xDscResource.Test-xDscResource should return $true" time="1.2046" asserts="0" success="True" result="Success" executed="True" />
                </results>
              </test-suite>
              <test-suite type="TestFixture" name="Testing DscSchema 'cChocoSource' using Test-xDscSchema" executed="True" result="Success" success="True" time="0.2431" asserts="0" description="Testing DscSchema 'cChocoSource' using Test-xDscSchema">
                <results>
                  <test-case description="Test-xDscSchema should return true" name="Testing all DSC resources using xDscResource designer..Testing DscSchema 'cChocoSource' using Test-xDscSchema.Test-xDscSchema should return true" time="0.2161" asserts="0" success="True" result="Success" executed="True" />
                </results>
              </test-suite>
            </results>
          </test-suite>
        </results>
      </test-suite>
    </results>
  </test-suite>
</test-results>